[2017-08-03 21:00:14] request.CRITICAL: Uncaught PHP Exception Doctrine\DBAL\Exception\InvalidFieldNameException: "An exception occurred while executing 'SELECT COUNT(*) FROM navigation navigation WHERE (type = ?) AND (isOpen = ?) AND (orgId = ?)' with params ["friendlyLink", 1, 1]:  SQLSTATE[42S22]: Column not found: 1054 Unknown column 'orgId' in 'where clause'" at /Applications/MAMP/htdocs/edusoho-cloud-platform/vendor/doctrine/dbal/lib/Doctrine/DBAL/Driver/AbstractMySQLDriver.php line 71 {"exception":"[object] (Doctrine\\DBAL\\Exception\\InvalidFieldNameException(code: 0): An exception occurred while executing 'SELECT COUNT(*) FROM navigation navigation WHERE (type = ?) AND (isOpen = ?) AND (orgId = ?)' with params [\"friendlyLink\", 1, 1]:\n\nSQLSTATE[42S22]: Column not found: 1054 Unknown column 'orgId' in 'where clause' at /Applications/MAMP/htdocs/edusoho-cloud-platform/vendor/doctrine/dbal/lib/Doctrine/DBAL/Driver/AbstractMySQLDriver.php:71, Doctrine\\DBAL\\Driver\\PDOException(code: 42S22): SQLSTATE[42S22]: Column not found: 1054 Unknown column 'orgId' in 'where clause' at /Applications/MAMP/htdocs/edusoho-cloud-platform/vendor/doctrine/dbal/lib/Doctrine/DBAL/Driver/PDOStatement.php:93, PDOException(code: 42S22): SQLSTATE[42S22]: Column not found: 1054 Unknown column 'orgId' in 'where clause' at /Applications/MAMP/htdocs/edusoho-cloud-platform/vendor/doctrine/dbal/lib/Doctrine/DBAL/Driver/PDOStatement.php:91)"} []
[2017-08-03 21:00:31] request.CRITICAL: Uncaught PHP Exception Doctrine\DBAL\Exception\InvalidFieldNameException: "An exception occurred while executing 'SELECT COUNT(*) FROM navigation navigation WHERE (type = ?) AND (isOpen = ?) AND (orgId = ?)' with params ["friendlyLink", 1, 1]:  SQLSTATE[42S22]: Column not found: 1054 Unknown column 'orgId' in 'where clause'" at /Applications/MAMP/htdocs/edusoho-cloud-platform/vendor/doctrine/dbal/lib/Doctrine/DBAL/Driver/AbstractMySQLDriver.php line 71 {"exception":"[object] (Doctrine\\DBAL\\Exception\\InvalidFieldNameException(code: 0): An exception occurred while executing 'SELECT COUNT(*) FROM navigation navigation WHERE (type = ?) AND (isOpen = ?) AND (orgId = ?)' with params [\"friendlyLink\", 1, 1]:\n\nSQLSTATE[42S22]: Column not found: 1054 Unknown column 'orgId' in 'where clause' at /Applications/MAMP/htdocs/edusoho-cloud-platform/vendor/doctrine/dbal/lib/Doctrine/DBAL/Driver/AbstractMySQLDriver.php:71, Doctrine\\DBAL\\Driver\\PDOException(code: 42S22): SQLSTATE[42S22]: Column not found: 1054 Unknown column 'orgId' in 'where clause' at /Applications/MAMP/htdocs/edusoho-cloud-platform/vendor/doctrine/dbal/lib/Doctrine/DBAL/Driver/PDOStatement.php:93, PDOException(code: 42S22): SQLSTATE[42S22]: Column not found: 1054 Unknown column 'orgId' in 'where clause' at /Applications/MAMP/htdocs/edusoho-cloud-platform/vendor/doctrine/dbal/lib/Doctrine/DBAL/Driver/PDOStatement.php:91)"} []
[2017-08-07 14:03:56] request.ERROR: Uncaught PHP Exception Symfony\Component\HttpKernel\Exception\NotFoundHttpException: "No route found for "GET /app_dev.php/" (from "http://smeagonline.local:8888/app_dev.php/login")" at /Applications/MAMP/htdocs/edusoho/app/cache/dev/classes.php line 2182 {"exception":"[object] (Symfony\\Component\\HttpKernel\\Exception\\NotFoundHttpException(code: 0): No route found for \"GET /app_dev.php/\" (from \"http://smeagonline.local:8888/app_dev.php/login\") at /Applications/MAMP/htdocs/edusoho/app/cache/dev/classes.php:2182, Symfony\\Component\\Routing\\Exception\\ResourceNotFoundException(code: 0):  at /Applications/MAMP/htdocs/edusoho/app/cache/dev/appDevDebugProjectContainerUrlMatcher.php:8254)"} []
[2017-08-07 14:38:26] request.ERROR: Uncaught PHP Exception Symfony\Component\HttpKernel\Exception\NotFoundHttpException: "No route found for "GET /admin/user/"" at /Applications/MAMP/htdocs/edusoho/app/cache/dev/classes.php line 2182 {"exception":"[object] (Symfony\\Component\\HttpKernel\\Exception\\NotFoundHttpException(code: 0): No route found for \"GET /admin/user/\" at /Applications/MAMP/htdocs/edusoho/app/cache/dev/classes.php:2182, Symfony\\Component\\Routing\\Exception\\ResourceNotFoundException(code: 0):  at /Applications/MAMP/htdocs/edusoho/app/cache/dev/appDevDebugProjectContainerUrlMatcher.php:8254)"} []
[2017-08-07 15:52:46] request.CRITICAL: Uncaught PHP Exception Twig_Error_Syntax: "A template that extends another one cannot include contents outside Twig blocks. Did you forget to put the contents inside a {% block %} tag?" at /Applications/MAMP/htdocs/edusoho/app/Resources/views/admin/user/index.html.twig line 5 {"exception":"[object] (Twig_Error_Syntax(code: 0): A template that extends another one cannot include contents outside Twig blocks. Did you forget to put the contents inside a {% block %} tag? at /Applications/MAMP/htdocs/edusoho/app/Resources/views/admin/user/index.html.twig:5)"} []
[2017-08-07 15:57:30] request.CRITICAL: Uncaught PHP Exception Twig_Error_Syntax: "A template that extends another one cannot include contents outside Twig blocks. Did you forget to put the contents inside a {% block %} tag?" at /Applications/MAMP/htdocs/edusoho/app/Resources/views/admin/user/index.html.twig line 5 {"exception":"[object] (Twig_Error_Syntax(code: 0): A template that extends another one cannot include contents outside Twig blocks. Did you forget to put the contents inside a {% block %} tag? at /Applications/MAMP/htdocs/edusoho/app/Resources/views/admin/user/index.html.twig:5)"} []
[2017-08-07 17:02:42] request.CRITICAL: Uncaught PHP Exception Symfony\Component\Debug\Exception\UndefinedMethodException: "Attempted to call an undefined method named "locale" of class "Symfony\Component\HttpFoundation\Request"." at /Applications/MAMP/htdocs/edusoho/src/AppBundle/Controller/Admin/UserController.php line 100 {"exception":"[object] (Symfony\\Component\\Debug\\Exception\\UndefinedMethodException(code: 0): Attempted to call an undefined method named \"locale\" of class \"Symfony\\Component\\HttpFoundation\\Request\". at /Applications/MAMP/htdocs/edusoho/src/AppBundle/Controller/Admin/UserController.php:100)"} []
[2017-08-07 17:03:09] request.CRITICAL: Uncaught PHP Exception Symfony\Component\Debug\Exception\FatalThrowableError: "Cannot access protected property Symfony\Component\HttpFoundation\Request::$locale" at /Applications/MAMP/htdocs/edusoho/src/AppBundle/Controller/Admin/UserController.php line 100 {"exception":"[object] (Symfony\\Component\\Debug\\Exception\\FatalThrowableError(code: 0): Cannot access protected property Symfony\\Component\\HttpFoundation\\Request::$locale at /Applications/MAMP/htdocs/edusoho/src/AppBundle/Controller/Admin/UserController.php:100)"} []
[2017-08-07 18:26:24] request.CRITICAL: Uncaught PHP Exception Symfony\Component\Debug\Exception\UndefinedFunctionException: "Attempted to call function "dump" from namespace "AppBundle\Controller\Admin"." at /Applications/MAMP/htdocs/edusoho/src/AppBundle/Controller/Admin/UserController.php line 100 {"exception":"[object] (Symfony\\Component\\Debug\\Exception\\UndefinedFunctionException(code: 0): Attempted to call function \"dump\" from namespace \"AppBundle\\Controller\\Admin\". at /Applications/MAMP/htdocs/edusoho/src/AppBundle/Controller/Admin/UserController.php:100)"} []
[2017-08-07 18:27:18] request.CRITICAL: Uncaught PHP Exception Symfony\Component\Debug\Exception\ContextErrorException: "Notice: Undefined variable: translator" at /Applications/MAMP/htdocs/edusoho/src/AppBundle/Controller/Admin/UserController.php line 100 {"exception":"[object] (Symfony\\Component\\Debug\\Exception\\ContextErrorException(code: 0): Notice: Undefined variable: translator at /Applications/MAMP/htdocs/edusoho/src/AppBundle/Controller/Admin/UserController.php:100)"} []
[2017-08-07 18:28:34] request.CRITICAL: Uncaught PHP Exception Symfony\Component\Debug\Exception\FatalThrowableError: "Parse error: syntax error, unexpected '(', expecting identifier (T_STRING) or variable (T_VARIABLE) or '{' or '$'" at /Applications/MAMP/htdocs/edusoho/src/AppBundle/Controller/Admin/UserController.php line 101 {"exception":"[object] (Symfony\\Component\\Debug\\Exception\\FatalThrowableError(code: 0): Parse error: syntax error, unexpected '(', expecting identifier (T_STRING) or variable (T_VARIABLE) or '{' or '$' at /Applications/MAMP/htdocs/edusoho/src/AppBundle/Controller/Admin/UserController.php:101)"} []
[2017-08-07 18:29:34] request.CRITICAL: Uncaught PHP Exception Symfony\Component\Debug\Exception\FatalThrowableError: "Parse error: syntax error, unexpected '(', expecting identifier (T_STRING) or variable (T_VARIABLE) or '{' or '$'" at /Applications/MAMP/htdocs/edusoho/src/AppBundle/Controller/Admin/UserController.php line 101 {"exception":"[object] (Symfony\\Component\\Debug\\Exception\\FatalThrowableError(code: 0): Parse error: syntax error, unexpected '(', expecting identifier (T_STRING) or variable (T_VARIABLE) or '{' or '$' at /Applications/MAMP/htdocs/edusoho/src/AppBundle/Controller/Admin/UserController.php:101)"} []
[2017-08-07 18:30:20] request.CRITICAL: Uncaught PHP Exception Symfony\Component\Debug\Exception\FatalThrowableError: "Parse error: syntax error, unexpected '(', expecting identifier (T_STRING) or variable (T_VARIABLE) or '{' or '$'" at /Applications/MAMP/htdocs/edusoho/src/AppBundle/Controller/Admin/UserController.php line 101 {"exception":"[object] (Symfony\\Component\\Debug\\Exception\\FatalThrowableError(code: 0): Parse error: syntax error, unexpected '(', expecting identifier (T_STRING) or variable (T_VARIABLE) or '{' or '$' at /Applications/MAMP/htdocs/edusoho/src/AppBundle/Controller/Admin/UserController.php:101)"} []
[2017-08-07 18:42:12] request.CRITICAL: Uncaught PHP Exception Symfony\Component\Debug\Exception\FatalThrowableError: "Parse error: syntax error, unexpected 'exit' (T_EXIT)" at /Applications/MAMP/htdocs/edusoho/src/AppBundle/Controller/Admin/UserController.php line 104 {"exception":"[object] (Symfony\\Component\\Debug\\Exception\\FatalThrowableError(code: 0): Parse error: syntax error, unexpected 'exit' (T_EXIT) at /Applications/MAMP/htdocs/edusoho/src/AppBundle/Controller/Admin/UserController.php:104)"} []
[2017-08-07 18:42:24] request.CRITICAL: Uncaught PHP Exception Symfony\Component\Debug\Exception\UndefinedFunctionException: "Attempted to call function "path" from namespace "AppBundle\Controller\Admin"." at /Applications/MAMP/htdocs/edusoho/src/AppBundle/Controller/Admin/UserController.php line 102 {"exception":"[object] (Symfony\\Component\\Debug\\Exception\\UndefinedFunctionException(code: 0): Attempted to call function \"path\" from namespace \"AppBundle\\Controller\\Admin\". at /Applications/MAMP/htdocs/edusoho/src/AppBundle/Controller/Admin/UserController.php:102)"} []
[2017-08-07 19:29:57] request.ERROR: Uncaught PHP Exception Symfony\Component\HttpKernel\Exception\NotFoundHttpException: "No route found for "GET /admin/@TopxiaAdminBundle/Resources/public/img/us-flag.png" (from "http://smeagonline.local:8888/app_dev.php/admin/user")" at /Applications/MAMP/htdocs/edusoho/app/cache/dev/classes.php line 2182 {"exception":"[object] (Symfony\\Component\\HttpKernel\\Exception\\NotFoundHttpException(code: 0): No route found for \"GET /admin/@TopxiaAdminBundle/Resources/public/img/us-flag.png\" (from \"http://smeagonline.local:8888/app_dev.php/admin/user\") at /Applications/MAMP/htdocs/edusoho/app/cache/dev/classes.php:2182, Symfony\\Component\\Routing\\Exception\\ResourceNotFoundException(code: 0):  at /Applications/MAMP/htdocs/edusoho/app/cache/dev/appDevDebugProjectContainerUrlMatcher.php:8254)"} []
[2017-08-07 19:58:28] request.CRITICAL: Uncaught PHP Exception Twig_Error_Syntax: "Unexpected token "punctuation" of value "," ("end of print statement" expected)." at /Applications/MAMP/htdocs/edusoho/app/Resources/views/admin/user/index.html.twig line 43 {"exception":"[object] (Twig_Error_Syntax(code: 0): Unexpected token \"punctuation\" of value \",\" (\"end of print statement\" expected). at /Applications/MAMP/htdocs/edusoho/app/Resources/views/admin/user/index.html.twig:43)"} []
[2017-08-07 19:58:42] request.CRITICAL: Uncaught PHP Exception Twig_Error_Syntax: "Unexpected token "punctuation" of value "," ("end of print statement" expected)." at /Applications/MAMP/htdocs/edusoho/app/Resources/views/admin/user/index.html.twig line 43 {"exception":"[object] (Twig_Error_Syntax(code: 0): Unexpected token \"punctuation\" of value \",\" (\"end of print statement\" expected). at /Applications/MAMP/htdocs/edusoho/app/Resources/views/admin/user/index.html.twig:43)"} []
[2017-08-07 20:15:19] request.CRITICAL: Uncaught PHP Exception Twig_Error_Runtime: "Variable "_target_path" does not exist." at /Applications/MAMP/htdocs/edusoho/app/Resources/views/admin/layout.html.twig line 86 {"exception":"[object] (Twig_Error_Runtime(code: 0): Variable \"_target_path\" does not exist. at /Applications/MAMP/htdocs/edusoho/app/Resources/views/admin/layout.html.twig:86)"} []
[2017-08-07 20:42:41] request.CRITICAL: Uncaught PHP Exception Twig_Error_Syntax: "A message inside a trans tag must be a simple text." at /Applications/MAMP/htdocs/edusoho/app/Resources/views/admin/user/user-table-tr.html.twig line 2 {"exception":"[object] (Twig_Error_Syntax(code: 0): A message inside a trans tag must be a simple text. at /Applications/MAMP/htdocs/edusoho/app/Resources/views/admin/user/user-table-tr.html.twig:2)"} []
[2017-08-07 20:56:30] request.CRITICAL: Uncaught PHP Exception Symfony\Component\Debug\Exception\ContextErrorException: "Notice: Array to string conversion" at /Applications/MAMP/htdocs/edusoho/vendor/symfony/symfony/src/Symfony/Component/Translation/Translator.php line 209 {"exception":"[object] (Symfony\\Component\\Debug\\Exception\\ContextErrorException(code: 0): Notice: Array to string conversion at /Applications/MAMP/htdocs/edusoho/vendor/symfony/symfony/src/Symfony/Component/Translation/Translator.php:209)"} []
[2017-08-07 21:03:04] request.CRITICAL: Uncaught PHP Exception Symfony\Component\Debug\Exception\FatalThrowableError: "Type error: Too few arguments to function Symfony\Component\Translation\DataCollectorTranslator::transChoice(), 1 passed in /Applications/MAMP/htdocs/edusoho/src/AppBundle/Controller/Admin/UserController.php on line 97 and at least 2 expected" at /Applications/MAMP/htdocs/edusoho/vendor/symfony/symfony/src/Symfony/Component/Translation/DataCollectorTranslator.php line 59 {"exception":"[object] (Symfony\\Component\\Debug\\Exception\\FatalThrowableError(code: 0): Type error: Too few arguments to function Symfony\\Component\\Translation\\DataCollectorTranslator::transChoice(), 1 passed in /Applications/MAMP/htdocs/edusoho/src/AppBundle/Controller/Admin/UserController.php on line 97 and at least 2 expected at /Applications/MAMP/htdocs/edusoho/vendor/symfony/symfony/src/Symfony/Component/Translation/DataCollectorTranslator.php:59)"} []
[2017-08-07 21:03:40] request.CRITICAL: Uncaught PHP Exception Symfony\Component\Debug\Exception\ContextErrorException: "Notice: Array to string conversion" at /Applications/MAMP/htdocs/edusoho/vendor/symfony/symfony/src/Symfony/Component/Translation/Translator.php line 221 {"exception":"[object] (Symfony\\Component\\Debug\\Exception\\ContextErrorException(code: 0): Notice: Array to string conversion at /Applications/MAMP/htdocs/edusoho/vendor/symfony/symfony/src/Symfony/Component/Translation/Translator.php:221)"} []
[2017-08-07 21:05:44] request.CRITICAL: Uncaught PHP Exception Symfony\Component\Debug\Exception\ContextErrorException: "Notice: Undefined offset: 0" at /Applications/MAMP/htdocs/edusoho/src/AppBundle/Controller/Admin/UserController.php line 101 {"exception":"[object] (Symfony\\Component\\Debug\\Exception\\ContextErrorException(code: 0): Notice: Undefined offset: 0 at /Applications/MAMP/htdocs/edusoho/src/AppBundle/Controller/Admin/UserController.php:101)"} []
[2017-08-07 21:14:23] request.CRITICAL: Uncaught PHP Exception Twig_Error_Runtime: "An exception has been thrown during the rendering of a template ("Notice: Array to string conversion")." at /Applications/MAMP/htdocs/edusoho/app/Resources/views/admin/user/index.html.twig line 30 {"exception":"[object] (Twig_Error_Runtime(code: 0): An exception has been thrown during the rendering of a template (\"Notice: Array to string conversion\"). at /Applications/MAMP/htdocs/edusoho/app/Resources/views/admin/user/index.html.twig:30, Symfony\\Component\\Debug\\Exception\\ContextErrorException(code: 0): Notice: Array to string conversion at /Applications/MAMP/htdocs/edusoho/src/AppBundle/Twig/HtmlExtension.php:70)"} []
[2017-08-07 21:24:52] request.ERROR: Uncaught PHP Exception Symfony\Component\HttpKernel\Exception\NotFoundHttpException: "No route found for "GET /setting/theme"" at /Applications/MAMP/htdocs/edusoho/app/cache/dev/classes.php line 2107 {"exception":"[object] (Symfony\\Component\\HttpKernel\\Exception\\NotFoundHttpException(code: 0): No route found for \"GET /setting/theme\" at /Applications/MAMP/htdocs/edusoho/app/cache/dev/classes.php:2107, Symfony\\Component\\Routing\\Exception\\ResourceNotFoundException(code: 0):  at /Applications/MAMP/htdocs/edusoho/app/cache/dev/appDevDebugProjectContainerUrlMatcher.php:8254)"} []
[2017-08-07 22:36:26] request.CRITICAL: Uncaught PHP Exception Twig_Error_Runtime: "Variable "web_macro" does not exist." at /Applications/MAMP/htdocs/edusoho/app/Resources/views/admin/user/index.html.twig line 9 {"exception":"[object] (Twig_Error_Runtime(code: 0): Variable \"web_macro\" does not exist. at /Applications/MAMP/htdocs/edusoho/app/Resources/views/admin/user/index.html.twig:9)"} []
[2017-08-07 22:41:20] request.CRITICAL: Uncaught PHP Exception Twig_Error_Syntax: "Unexpected token "end of print statement" of value ""." at /Applications/MAMP/htdocs/edusoho/app/Resources/views/admin/user/index.html.twig line 71 {"exception":"[object] (Twig_Error_Syntax(code: 0): Unexpected token \"end of print statement\" of value \"\". at /Applications/MAMP/htdocs/edusoho/app/Resources/views/admin/user/index.html.twig:71)"} []
[2017-08-07 22:43:52] request.CRITICAL: Uncaught PHP Exception Twig_Error_Syntax: "Unexpected token "end of print statement" of value ""." at /Applications/MAMP/htdocs/edusoho/app/Resources/views/admin/user/index.html.twig line 71 {"exception":"[object] (Twig_Error_Syntax(code: 0): Unexpected token \"end of print statement\" of value \"\". at /Applications/MAMP/htdocs/edusoho/app/Resources/views/admin/user/index.html.twig:71)"} []
[2017-08-07 22:44:15] request.CRITICAL: Uncaught PHP Exception Twig_Error_Syntax: "Unexpected token "end of print statement" of value ""." at /Applications/MAMP/htdocs/edusoho/app/Resources/views/admin/user/index.html.twig line 71 {"exception":"[object] (Twig_Error_Syntax(code: 0): Unexpected token \"end of print statement\" of value \"\". at /Applications/MAMP/htdocs/edusoho/app/Resources/views/admin/user/index.html.twig:71)"} []
[2017-08-07 22:44:47] request.CRITICAL: Uncaught PHP Exception Twig_Error_Syntax: "Unexpected "allRoles" tag (expecting closing tag for the "block" tag defined near line 8)." at /Applications/MAMP/htdocs/edusoho/app/Resources/views/admin/user/index.html.twig line 28 {"exception":"[object] (Twig_Error_Syntax(code: 0): Unexpected \"allRoles\" tag (expecting closing tag for the \"block\" tag defined near line 8). at /Applications/MAMP/htdocs/edusoho/app/Resources/views/admin/user/index.html.twig:28)"} []
[2017-08-07 22:45:15] request.CRITICAL: Uncaught PHP Exception Twig_Error_Syntax: "Unexpected token "end of print statement" of value ""." at /Applications/MAMP/htdocs/edusoho/app/Resources/views/admin/user/index.html.twig line 71 {"exception":"[object] (Twig_Error_Syntax(code: 0): Unexpected token \"end of print statement\" of value \"\". at /Applications/MAMP/htdocs/edusoho/app/Resources/views/admin/user/index.html.twig:71)"} []
[2017-08-07 22:47:00] request.CRITICAL: Uncaught PHP Exception Twig_Error_Syntax: "Unexpected token "end of print statement" of value ""." at /Applications/MAMP/htdocs/edusoho/app/Resources/views/admin/user/index.html.twig line 71 {"exception":"[object] (Twig_Error_Syntax(code: 0): Unexpected token \"end of print statement\" of value \"\". at /Applications/MAMP/htdocs/edusoho/app/Resources/views/admin/user/index.html.twig:71)"} []
[2017-08-07 22:47:04] request.CRITICAL: Uncaught PHP Exception Twig_Error_Syntax: "Unexpected token "end of print statement" of value ""." at /Applications/MAMP/htdocs/edusoho/app/Resources/views/admin/user/index.html.twig line 70 {"exception":"[object] (Twig_Error_Syntax(code: 0): Unexpected token \"end of print statement\" of value \"\". at /Applications/MAMP/htdocs/edusoho/app/Resources/views/admin/user/index.html.twig:70)"} []
[2017-08-07 22:47:55] request.CRITICAL: Uncaught PHP Exception Twig_Error_Syntax: "Unexpected token "end of print statement" of value ""." at /Applications/MAMP/htdocs/edusoho/app/Resources/views/admin/user/index.html.twig line 72 {"exception":"[object] (Twig_Error_Syntax(code: 0): Unexpected token \"end of print statement\" of value \"\". at /Applications/MAMP/htdocs/edusoho/app/Resources/views/admin/user/index.html.twig:72)"} []
[2017-08-07 22:48:57] request.CRITICAL: Uncaught PHP Exception Twig_Error_Syntax: "Unexpected token "end of print statement" of value ""." at /Applications/MAMP/htdocs/edusoho/app/Resources/views/admin/user/index.html.twig line 70 {"exception":"[object] (Twig_Error_Syntax(code: 0): Unexpected token \"end of print statement\" of value \"\". at /Applications/MAMP/htdocs/edusoho/app/Resources/views/admin/user/index.html.twig:70)"} []
[2017-08-07 22:56:58] request.CRITICAL: Uncaught PHP Exception Twig_Error_Runtime: "An exception has been thrown during the rendering of a template ("Notice: Array to string conversion")." at /Applications/MAMP/htdocs/edusoho/app/Resources/views/admin/user/index.html.twig line 21 {"exception":"[object] (Twig_Error_Runtime(code: 0): An exception has been thrown during the rendering of a template (\"Notice: Array to string conversion\"). at /Applications/MAMP/htdocs/edusoho/app/Resources/views/admin/user/index.html.twig:21, Symfony\\Component\\Debug\\Exception\\ContextErrorException(code: 0): Notice: Array to string conversion at /Applications/MAMP/htdocs/edusoho/app/cache/dev/Default_b/twig/53/5371ca7419204f1b8d70b178d2928258e58e4d5df49159e8c8e23bc6645b371c.php:66)"} []
[2017-08-07 23:01:48] request.CRITICAL: Uncaught PHP Exception Twig_Error_Syntax: "A template that extends another one cannot include contents outside Twig blocks. Did you forget to put the contents inside a {% block %} tag?" at /Applications/MAMP/htdocs/edusoho/app/Resources/views/admin/user/index.html.twig line 1 {"exception":"[object] (Twig_Error_Syntax(code: 0): A template that extends another one cannot include contents outside Twig blocks. Did you forget to put the contents inside a {% block %} tag? at /Applications/MAMP/htdocs/edusoho/app/Resources/views/admin/user/index.html.twig:1)"} []
[2017-08-10 21:36:11] request.ERROR: Uncaught PHP Exception Symfony\Component\HttpKernel\Exception\NotFoundHttpException: "No route found for "GET /install"" at /Applications/MAMP/htdocs/smeagonline/app/cache/dev/Default_b/classes.php line 2182 {"exception":"[object] (Symfony\\Component\\HttpKernel\\Exception\\NotFoundHttpException(code: 0): No route found for \"GET /install\" at /Applications/MAMP/htdocs/smeagonline/app/cache/dev/Default_b/classes.php:2182, Symfony\\Component\\Routing\\Exception\\ResourceNotFoundException(code: 0):  at /Applications/MAMP/htdocs/smeagonline/app/cache/dev/Default_b/appDevDebugProjectContainerUrlMatcher.php:8254)"} []
[2017-08-11 13:34:02] request.ERROR: Uncaught PHP Exception Symfony\Component\HttpKernel\Exception\NotFoundHttpException: "No route found for "GET /amin"" at /Applications/MAMP/htdocs/smeagonline/app/cache/dev/Default_b/classes.php line 2182 {"exception":"[object] (Symfony\\Component\\HttpKernel\\Exception\\NotFoundHttpException(code: 0): No route found for \"GET /amin\" at /Applications/MAMP/htdocs/smeagonline/app/cache/dev/Default_b/classes.php:2182, Symfony\\Component\\Routing\\Exception\\ResourceNotFoundException(code: 0):  at /Applications/MAMP/htdocs/smeagonline/app/cache/dev/Default_b/appDevDebugProjectContainerUrlMatcher.php:8254)"} []
[2017-08-11 15:09:58] request.CRITICAL: Uncaught PHP Exception Symfony\Component\Translation\Exception\InvalidResourceException: "Error parsing YAML, invalid file "/Applications/MAMP/htdocs/smeagonline/app/Resources/translations/messages.en.yml"" at /Applications/MAMP/htdocs/smeagonline/vendor/symfony/symfony/src/Symfony/Component/Translation/Loader/YamlFileLoader.php line 43 {"exception":"[object] (Symfony\\Component\\Translation\\Exception\\InvalidResourceException(code: 0): Error parsing YAML, invalid file \"/Applications/MAMP/htdocs/smeagonline/app/Resources/translations/messages.en.yml\" at /Applications/MAMP/htdocs/smeagonline/vendor/symfony/symfony/src/Symfony/Component/Translation/Loader/YamlFileLoader.php:43, Symfony\\Component\\Yaml\\Exception\\ParseException(code: 0): Unexpected characters near \"s data'\" at line 477 (near \"今日数据: 'Today 's data'\"). at /Applications/MAMP/htdocs/smeagonline/vendor/symfony/symfony/src/Symfony/Component/Yaml/Inline.php:76)"} []
[2017-08-11 16:37:34] request.ERROR: Uncaught PHP Exception Symfony\Component\HttpKernel\Exception\NotFoundHttpException: "No route found for "GET /ad/"" at /Applications/MAMP/htdocs/smeagonline/vendor/symfony/symfony/src/Symfony/Component/HttpKernel/EventListener/RouterListener.php line 176 {"exception":"[object] (Symfony\\Component\\HttpKernel\\Exception\\NotFoundHttpException(code: 0): No route found for \"GET /ad/\" at /Applications/MAMP/htdocs/smeagonline/vendor/symfony/symfony/src/Symfony/Component/HttpKernel/EventListener/RouterListener.php:176, Symfony\\Component\\Routing\\Exception\\ResourceNotFoundException(code: 0):  at /Applications/MAMP/htdocs/smeagonline/app/cache/dev/Default_b/appDevDebugProjectContainerUrlMatcher.php:8254)"} []
[2017-08-11 16:37:37] request.CRITICAL: Uncaught PHP Exception Symfony\Component\Translation\Exception\InvalidResourceException: "Error parsing YAML, invalid file "/Applications/MAMP/htdocs/smeagonline/app/Resources/translations/messages.en.yml"" at /Applications/MAMP/htdocs/smeagonline/vendor/symfony/symfony/src/Symfony/Component/Translation/Loader/YamlFileLoader.php line 43 {"exception":"[object] (Symfony\\Component\\Translation\\Exception\\InvalidResourceException(code: 0): Error parsing YAML, invalid file \"/Applications/MAMP/htdocs/smeagonline/app/Resources/translations/messages.en.yml\" at /Applications/MAMP/htdocs/smeagonline/vendor/symfony/symfony/src/Symfony/Component/Translation/Loader/YamlFileLoader.php:43, Symfony\\Component\\Yaml\\Exception\\ParseException(code: 0): Unable to parse at line 546 (near \"User： '用户'\"). at /Applications/MAMP/htdocs/smeagonline/vendor/symfony/symfony/src/Symfony/Component/Yaml/Parser.php:273)"} []
[2017-08-11 19:49:51] request.ERROR: Uncaught PHP Exception Symfony\Component\HttpKernel\Exception\NotFoundHttpException: "No route found for "GET /app_dev.php/" (from "http://smeagonline.local:8888/app_dev.php/login?goto=/app_dev.php/")" at /Applications/MAMP/htdocs/smeagonline/app/cache/dev/Default_b/classes.php line 2107 {"exception":"[object] (Symfony\\Component\\HttpKernel\\Exception\\NotFoundHttpException(code: 0): No route found for \"GET /app_dev.php/\" (from \"http://smeagonline.local:8888/app_dev.php/login?goto=/app_dev.php/\") at /Applications/MAMP/htdocs/smeagonline/app/cache/dev/Default_b/classes.php:2107, Symfony\\Component\\Routing\\Exception\\ResourceNotFoundException(code: 0):  at /Applications/MAMP/htdocs/smeagonline/app/cache/dev/Default_b/appDevDebugProjectContainerUrlMatcher.php:8254)"} []
